  Скопировано файлов:         1.
  Скопировано файлов:         1.
  Скопировано файлов:         1.
  Скопировано файлов:         1.
  Скопировано файлов:         1.
  Скопировано файлов:         1.
  Подпапка или файл C:\Старый десктоп\Не по игре\Лабы\М1 семестр\AntLassic 0.2\AntLassic-0.2\AntLassic\x64\Debug Dynamic\resources уже существует.
  C:\Старый десктоп\Не по игре\Лабы\М1 семестр\AntLassic 0.2\AntLassic-0.2\AntLassic\resources\clickSound.ogg
  C:\Старый десктоп\Не по игре\Лабы\М1 семестр\AntLassic 0.2\AntLassic-0.2\AntLassic\resources\comic.ttf
  C:\Старый десктоп\Не по игре\Лабы\М1 семестр\AntLassic 0.2\AntLassic-0.2\AntLassic\resources\comicz.ttf
  C:\Старый десктоп\Не по игре\Лабы\М1 семестр\AntLassic 0.2\AntLassic-0.2\AntLassic\resources\font.ttf
  C:\Старый десктоп\Не по игре\Лабы\М1 семестр\AntLassic 0.2\AntLassic-0.2\AntLassic\resources\timesnewroman.ttf
  C:\Старый десктоп\Не по игре\Лабы\М1 семестр\AntLassic 0.2\AntLassic-0.2\AntLassic\resources\winSound.ogg
  Скопировано файлов:         6.
  BaseObject.cpp
c:\старый десктоп\не по игре\лабы\м1 семестр\antlassic 0.2\antlassic-0.2\antlassic\csf\base\baseobject.h(165): warning C4458: объявление "textureRect" скрывает член класса
  c:\старый десктоп\не по игре\лабы\м1 семестр\antlassic 0.2\antlassic-0.2\antlassic\csf\base\baseobject.h(53): note:  см. объявление "csf::BaseObject::textureRect"
c:\старый десктоп\не по игре\лабы\м1 семестр\antlassic 0.2\antlassic-0.2\antlassic\csf\base\baseobject.h(165): warning C4100: textureRect: неиспользованный формальный параметр
c:\старый десктоп\не по игре\лабы\м1 семестр\antlassic 0.2\antlassic-0.2\antlassic\csf\base\baseobject.cpp(48): warning C4458: объявление "origin" скрывает член класса
  c:\старый десктоп\не по игре\лабы\м1 семестр\antlassic 0.2\antlassic-0.2\antlassic\csf\base\baseobject.h(47): note:  см. объявление "csf::BaseObject::origin"
c:\старый десктоп\не по игре\лабы\м1 семестр\antlassic 0.2\antlassic-0.2\antlassic\csf\base\baseobject.cpp(53): warning C4458: объявление "scale" скрывает член класса
  c:\старый десктоп\не по игре\лабы\м1 семестр\antlassic 0.2\antlassic-0.2\antlassic\csf\base\baseobject.h(50): note:  см. объявление "csf::BaseObject::scale"
c:\старый десктоп\не по игре\лабы\м1 семестр\antlassic 0.2\antlassic-0.2\antlassic\csf\base\baseobject.cpp(108): warning C4458: объявление "visible" скрывает член класса
  c:\старый десктоп\не по игре\лабы\м1 семестр\antlassic 0.2\antlassic-0.2\antlassic\csf\base\baseobject.h(43): note:  см. объявление "csf::BaseObject::visible"
c:\старый десктоп\не по игре\лабы\м1 семестр\antlassic 0.2\antlassic-0.2\antlassic\csf\base\baseobject.cpp(123): warning C4458: объявление "enable" скрывает член класса
  c:\старый десктоп\не по игре\лабы\м1 семестр\antlassic 0.2\antlassic-0.2\antlassic\csf\base\baseobject.h(44): note:  см. объявление "csf::BaseObject::enable"
c:\старый десктоп\не по игре\лабы\м1 семестр\antlassic 0.2\antlassic-0.2\antlassic\csf\base\baseobject.cpp(128): warning C4458: объявление "name" скрывает член класса
  c:\старый десктоп\не по игре\лабы\м1 семестр\antlassic 0.2\antlassic-0.2\antlassic\csf\base\baseobject.h(42): note:  см. объявление "csf::BaseObject::name"
c:\старый десктоп\не по игре\лабы\м1 семестр\antlassic 0.2\antlassic-0.2\antlassic\csf\base\baseobject.cpp(143): warning C4458: объявление "color" скрывает член класса
  c:\старый десктоп\не по игре\лабы\м1 семестр\antlassic 0.2\antlassic-0.2\antlassic\csf\base\baseobject.h(30): note:  см. объявление "csf::BaseObject::color"
c:\старый десктоп\не по игре\лабы\м1 семестр\antlassic 0.2\antlassic-0.2\antlassic\csf\base\baseobject.cpp(153): warning C4458: объявление "scale" скрывает член класса
  c:\старый десктоп\не по игре\лабы\м1 семестр\antlassic 0.2\antlassic-0.2\antlassic\csf\base\baseobject.h(50): note:  см. объявление "csf::BaseObject::scale"
c:\старый десктоп\не по игре\лабы\м1 семестр\antlassic 0.2\antlassic-0.2\antlassic\csf\base\baseobject.cpp(163): warning C4458: объявление "color" скрывает член класса
  c:\старый десктоп\не по игре\лабы\м1 семестр\antlassic 0.2\antlassic-0.2\antlassic\csf\base\baseobject.h(30): note:  см. объявление "csf::BaseObject::color"
c:\старый десктоп\не по игре\лабы\м1 семестр\antlassic 0.2\antlassic-0.2\antlassic\csf\base\baseobject.cpp(189): warning C4100: scrolling: неиспользованный формальный параметр
c:\старый десктоп\не по игре\лабы\м1 семестр\antlassic 0.2\antlassic-0.2\antlassic\csf\base\baseobject.cpp(193): warning C4458: объявление "awakening" скрывает член класса
  c:\старый десктоп\не по игре\лабы\м1 семестр\antlassic 0.2\antlassic-0.2\antlassic\csf\base\baseobject.h(45): note:  см. объявление "csf::BaseObject::awakening"
c:\старый десктоп\не по игре\лабы\м1 семестр\antlassic 0.2\antlassic-0.2\antlassic\csf\base\baseobject.cpp(217): warning C4458: объявление "AwakeningType" скрывает член класса
  c:\старый десктоп\не по игре\лабы\м1 семестр\antlassic 0.2\antlassic-0.2\antlassic\csf\base\baseobject.h(28): note:  см. объявление "csf::BaseObject::AwakeningType"
c:\старый десктоп\не по игре\лабы\м1 семестр\antlassic 0.2\antlassic-0.2\antlassic\csf\base\baseobject.cpp(221): warning C4458: объявление "maskRect" скрывает член класса
  c:\старый десктоп\не по игре\лабы\м1 семестр\antlassic 0.2\antlassic-0.2\antlassic\csf\base\baseobject.h(54): note:  см. объявление "csf::BaseObject::maskRect"
c:\старый десктоп\не по игре\лабы\м1 семестр\antlassic 0.2\antlassic-0.2\antlassic\csf\base\baseobject.cpp(309): warning C4458: объявление "color" скрывает член класса
  c:\старый десктоп\не по игре\лабы\м1 семестр\antlassic 0.2\antlassic-0.2\antlassic\csf\base\baseobject.h(30): note:  см. объявление "csf::BaseObject::color"
c:\старый десктоп\не по игре\лабы\м1 семестр\antlassic 0.2\antlassic-0.2\antlassic\csf\base\baseobject.cpp(316): warning C4458: объявление "awakening" скрывает член класса
  c:\старый десктоп\не по игре\лабы\м1 семестр\antlassic 0.2\antlassic-0.2\antlassic\csf\base\baseobject.h(45): note:  см. объявление "csf::BaseObject::awakening"
c:\старый десктоп\не по игре\лабы\м1 семестр\antlassic 0.2\antlassic-0.2\antlassic\csf\base\baseobject.cpp(316): warning C4100: awakening: неиспользованный формальный параметр
c:\старый десктоп\не по игре\лабы\м1 семестр\antlassic 0.2\antlassic-0.2\antlassic\csf\base\baseobject.cpp(317): warning C4458: объявление "awakening" скрывает член класса
  c:\старый десктоп\не по игре\лабы\м1 семестр\antlassic 0.2\antlassic-0.2\antlassic\csf\base\baseobject.h(45): note:  см. объявление "csf::BaseObject::awakening"
c:\старый десктоп\не по игре\лабы\м1 семестр\antlassic 0.2\antlassic-0.2\antlassic\csf\base\baseobject.cpp(317): warning C4100: awakening: неиспользованный формальный параметр
c:\старый десктоп\не по игре\лабы\м1 семестр\antlassic 0.2\antlassic-0.2\antlassic\csf\base\baseobject.cpp(318): warning C4458: объявление "awakening" скрывает член класса
  c:\старый десктоп\не по игре\лабы\м1 семестр\antlassic 0.2\antlassic-0.2\antlassic\csf\base\baseobject.h(45): note:  см. объявление "csf::BaseObject::awakening"
c:\старый десктоп\не по игре\лабы\м1 семестр\antlassic 0.2\antlassic-0.2\antlassic\csf\base\baseobject.cpp(318): warning C4100: awakening: неиспользованный формальный параметр
c:\старый десктоп\не по игре\лабы\м1 семестр\antlassic 0.2\antlassic-0.2\antlassic\csf\base\baseobject.cpp(319): warning C4458: объявление "awakening" скрывает член класса
  c:\старый десктоп\не по игре\лабы\м1 семестр\antlassic 0.2\antlassic-0.2\antlassic\csf\base\baseobject.h(45): note:  см. объявление "csf::BaseObject::awakening"
c:\старый десктоп\не по игре\лабы\м1 семестр\antlassic 0.2\antlassic-0.2\antlassic\csf\base\baseobject.cpp(319): warning C4100: awakening: неиспользованный формальный параметр
c:\старый десктоп\не по игре\лабы\м1 семестр\antlassic 0.2\antlassic-0.2\antlassic\csf\base\baseobject.cpp(320): warning C4458: объявление "awakening" скрывает член класса
  c:\старый десктоп\не по игре\лабы\м1 семестр\antlassic 0.2\antlassic-0.2\antlassic\csf\base\baseobject.h(45): note:  см. объявление "csf::BaseObject::awakening"
c:\старый десктоп\не по игре\лабы\м1 семестр\antlassic 0.2\antlassic-0.2\antlassic\csf\base\baseobject.cpp(320): warning C4100: awakening: неиспользованный формальный параметр
  Carcas.cpp
c:\старый десктоп\не по игре\лабы\м1 семестр\antlassic 0.2\antlassic-0.2\antlassic\csf\base\baseobject.h(165): warning C4458: объявление "textureRect" скрывает член класса
  c:\старый десктоп\не по игре\лабы\м1 семестр\antlassic 0.2\antlassic-0.2\antlassic\csf\base\baseobject.h(53): note:  см. объявление "csf::BaseObject::textureRect"
c:\старый десктоп\не по игре\лабы\м1 семестр\antlassic 0.2\antlassic-0.2\antlassic\csf\base\baseobject.h(165): warning C4100: textureRect: неиспользованный формальный параметр
c:\старый десктоп\не по игре\лабы\м1 семестр\antlassic 0.2\antlassic-0.2\antlassic\csf\base\carcas.cpp(151): warning C4458: объявление "scale" скрывает член класса
  c:\старый десктоп\не по игре\лабы\м1 семестр\antlassic 0.2\antlassic-0.2\antlassic\csf\base\baseobject.h(50): note:  см. объявление "csf::BaseObject::scale"
c:\старый десктоп\не по игре\лабы\м1 семестр\antlassic 0.2\antlassic-0.2\antlassic\csf\base\carcas.cpp(172): warning C4458: объявление "color" скрывает член класса
  c:\старый десктоп\не по игре\лабы\м1 семестр\antlassic 0.2\antlassic-0.2\antlassic\csf\base\baseobject.h(30): note:  см. объявление "csf::BaseObject::color"
c:\старый десктоп\не по игре\лабы\м1 семестр\antlassic 0.2\antlassic-0.2\antlassic\csf\base\carcas.cpp(177): warning C4458: объявление "visible" скрывает член класса
  c:\старый десктоп\не по игре\лабы\м1 семестр\antlassic 0.2\antlassic-0.2\antlassic\csf\base\baseobject.h(43): note:  см. объявление "csf::BaseObject::visible"
c:\старый десктоп\не по игре\лабы\м1 семестр\antlassic 0.2\antlassic-0.2\antlassic\csf\base\carcas.cpp(184): warning C4458: объявление "enable" скрывает член класса
  c:\старый десктоп\не по игре\лабы\м1 семестр\antlassic 0.2\antlassic-0.2\antlassic\csf\base\baseobject.h(44): note:  см. объявление "csf::BaseObject::enable"
c:\старый десктоп\не по игре\лабы\м1 семестр\antlassic 0.2\antlassic-0.2\antlassic\csf\base\carcas.cpp(210): warning C4458: объявление "textureRect" скрывает член класса
  c:\старый десктоп\не по игре\лабы\м1 семестр\antlassic 0.2\antlassic-0.2\antlassic\csf\base\baseobject.h(53): note:  см. объявление "csf::BaseObject::textureRect"
c:\старый десктоп\не по игре\лабы\м1 семестр\antlassic 0.2\antlassic-0.2\antlassic\csf\base\carcas.cpp(210): warning C4100: textureRect: неиспользованный формальный параметр
c:\старый десктоп\не по игре\лабы\м1 семестр\antlassic 0.2\antlassic-0.2\antlassic\csf\base\carcas.cpp(221): warning C4458: объявление "textureRect" скрывает член класса
  c:\старый десктоп\не по игре\лабы\м1 семестр\antlassic 0.2\antlassic-0.2\antlassic\csf\base\baseobject.h(53): note:  см. объявление "csf::BaseObject::textureRect"
c:\старый десктоп\не по игре\лабы\м1 семестр\antlassic 0.2\antlassic-0.2\antlassic\csf\base\carcas.cpp(227): warning C4458: объявление "maskRect" скрывает член класса
  c:\старый десктоп\не по игре\лабы\м1 семестр\antlassic 0.2\antlassic-0.2\antlassic\csf\base\baseobject.h(54): note:  см. объявление "csf::BaseObject::maskRect"
c:\старый десктоп\не по игре\лабы\м1 семестр\antlassic 0.2\antlassic-0.2\antlassic\csf\base\carcas.cpp(252): warning C4458: объявление "name" скрывает член класса
  c:\старый десктоп\не по игре\лабы\м1 семестр\antlassic 0.2\antlassic-0.2\antlassic\csf\base\baseobject.h(42): note:  см. объявление "csf::BaseObject::name"
  myTexture.cpp
  Scene.cpp
  SizeWindow.cpp
c:\старый десктоп\не по игре\лабы\м1 семестр\antlassic 0.2\antlassic-0.2\antlassic\csf\base\global\sizewindow.cpp(18): warning C4458: объявление "isFullScreen" скрывает член класса
  c:\старый десктоп\не по игре\лабы\м1 семестр\antlassic 0.2\antlassic-0.2\antlassic\csf\base\global\sizewindow.h(20): note:  см. объявление "csf::SizeWindow::isFullScreen"
c:\старый десктоп\не по игре\лабы\м1 семестр\antlassic 0.2\antlassic-0.2\antlassic\csf\base\global\sizewindow.cpp(22): warning C4458: объявление "originalDimentions" скрывает член класса
  c:\старый десктоп\не по игре\лабы\м1 семестр\antlassic 0.2\antlassic-0.2\antlassic\csf\base\global\sizewindow.h(18): note:  см. объявление "csf::SizeWindow::originalDimentions"
c:\старый десктоп\не по игре\лабы\м1 семестр\antlassic 0.2\antlassic-0.2\antlassic\csf\base\global\sizewindow.cpp(22): warning C4458: объявление "realDimentions" скрывает член класса
  c:\старый десктоп\не по игре\лабы\м1 семестр\antlassic 0.2\antlassic-0.2\antlassic\csf\base\global\sizewindow.h(19): note:  см. объявление "csf::SizeWindow::realDimentions"
c:\старый десктоп\не по игре\лабы\м1 семестр\antlassic 0.2\antlassic-0.2\antlassic\csf\base\global\sizewindow.cpp(22): warning C4458: объявление "isFullScreen" скрывает член класса
  c:\старый десктоп\не по игре\лабы\м1 семестр\antlassic 0.2\antlassic-0.2\antlassic\csf\base\global\sizewindow.h(20): note:  см. объявление "csf::SizeWindow::isFullScreen"
c:\старый десктоп\не по игре\лабы\м1 семестр\antlassic 0.2\antlassic-0.2\antlassic\csf\base\global\sizewindow.cpp(43): warning C4458: объявление "isFullScreen" скрывает член класса
  c:\старый десктоп\не по игре\лабы\м1 семестр\antlassic 0.2\antlassic-0.2\antlassic\csf\base\global\sizewindow.h(20): note:  см. объявление "csf::SizeWindow::isFullScreen"
c:\старый десктоп\не по игре\лабы\м1 семестр\antlassic 0.2\antlassic-0.2\antlassic\csf\base\global\sizewindow.cpp(47): warning C4458: объявление "isAdmin" скрывает член класса
  c:\старый десктоп\не по игре\лабы\м1 семестр\antlassic 0.2\antlassic-0.2\antlassic\csf\base\global\sizewindow.h(20): note:  см. объявление "csf::SizeWindow::isAdmin"
  TextureBank.cpp
  mySprite.cpp
c:\старый десктоп\не по игре\лабы\м1 семестр\antlassic 0.2\antlassic-0.2\antlassic\csf\base\baseobject.h(165): warning C4458: объявление "textureRect" скрывает член класса
  c:\старый десктоп\не по игре\лабы\м1 семестр\antlassic 0.2\antlassic-0.2\antlassic\csf\base\baseobject.h(53): note:  см. объявление "csf::BaseObject::textureRect"
c:\старый десктоп\не по игре\лабы\м1 семестр\antlassic 0.2\antlassic-0.2\antlassic\csf\base\baseobject.h(165): warning C4100: textureRect: неиспользованный формальный параметр
c:\старый десктоп\не по игре\лабы\м1 семестр\antlassic 0.2\antlassic-0.2\antlassic\csf\base\mysprite.cpp(45): warning C4458: объявление "awakening" скрывает член класса
  c:\старый десктоп\не по игре\лабы\м1 семестр\antlassic 0.2\antlassic-0.2\antlassic\csf\base\baseobject.h(45): note:  см. объявление "csf::BaseObject::awakening"
c:\старый десктоп\не по игре\лабы\м1 семестр\antlassic 0.2\antlassic-0.2\antlassic\csf\base\mysprite.cpp(73): warning C4458: объявление "awakening" скрывает член класса
  c:\старый десктоп\не по игре\лабы\м1 семестр\antlassic 0.2\antlassic-0.2\antlassic\csf\base\baseobject.h(45): note:  см. объявление "csf::BaseObject::awakening"
c:\старый десктоп\не по игре\лабы\м1 семестр\antlassic 0.2\antlassic-0.2\antlassic\csf\base\mysprite.cpp(84): warning C4458: объявление "awakening" скрывает член класса
  c:\старый десктоп\не по игре\лабы\м1 семестр\antlassic 0.2\antlassic-0.2\antlassic\csf\base\baseobject.h(45): note:  см. объявление "csf::BaseObject::awakening"
c:\старый десктоп\не по игре\лабы\м1 семестр\antlassic 0.2\antlassic-0.2\antlassic\csf\base\mysprite.cpp(191): warning C4458: объявление "name" скрывает член класса
  c:\старый десктоп\не по игре\лабы\м1 семестр\antlassic 0.2\antlassic-0.2\antlassic\csf\base\baseobject.h(42): note:  см. объявление "csf::BaseObject::name"
c:\старый десктоп\не по игре\лабы\м1 семестр\antlassic 0.2\antlassic-0.2\antlassic\csf\base\mysprite.cpp(197): warning C4458: объявление "name" скрывает член класса
  c:\старый десктоп\не по игре\лабы\м1 семестр\antlassic 0.2\antlassic-0.2\antlassic\csf\base\baseobject.h(42): note:  см. объявление "csf::BaseObject::name"
c:\старый десктоп\не по игре\лабы\м1 семестр\antlassic 0.2\antlassic-0.2\antlassic\csf\base\mysprite.cpp(197): warning C4458: объявление "location" скрывает член класса
  c:\старый десктоп\не по игре\лабы\м1 семестр\antlassic 0.2\antlassic-0.2\antlassic\csf\base\baseobject.h(33): note:  см. объявление "csf::BaseObject::location"
c:\старый десктоп\не по игре\лабы\м1 семестр\antlassic 0.2\antlassic-0.2\antlassic\csf\base\mysprite.cpp(203): warning C4458: объявление "sprite" скрывает член класса
  c:\старый десктоп\не по игре\лабы\м1 семестр\antlassic 0.2\antlassic-0.2\antlassic\csf\base\mysprite.h(20): note:  см. объявление "csf::mySprite::sprite"
c:\старый десктоп\не по игре\лабы\м1 семестр\antlassic 0.2\antlassic-0.2\antlassic\csf\base\mysprite.cpp(209): warning C4458: объявление "shape" скрывает член класса
  c:\старый десктоп\не по игре\лабы\м1 семестр\antlassic 0.2\antlassic-0.2\antlassic\csf\base\mysprite.h(19): note:  см. объявление "csf::mySprite::shape"
c:\старый десктоп\не по игре\лабы\м1 семестр\antlassic 0.2\antlassic-0.2\antlassic\csf\base\mysprite.cpp(256): warning C4458: объявление "name" скрывает член класса
  c:\старый десктоп\не по игре\лабы\м1 семестр\antlassic 0.2\antlassic-0.2\antlassic\csf\base\baseobject.h(42): note:  см. объявление "csf::BaseObject::name"
c:\старый десктоп\не по игре\лабы\м1 семестр\antlassic 0.2\antlassic-0.2\antlassic\csf\base\mysprite.cpp(258): warning C4458: объявление "origin" скрывает член класса
  c:\старый десктоп\не по игре\лабы\м1 семестр\antlassic 0.2\antlassic-0.2\antlassic\csf\base\baseobject.h(47): note:  см. объявление "csf::BaseObject::origin"
c:\старый десктоп\не по игре\лабы\м1 семестр\antlassic 0.2\antlassic-0.2\antlassic\csf\base\mysprite.cpp(259): warning C4458: объявление "rotate" скрывает член класса
  c:\старый десктоп\не по игре\лабы\м1 семестр\antlassic 0.2\antlassic-0.2\antlassic\csf\base\baseobject.h(48): note:  см. объявление "csf::BaseObject::rotate"
c:\старый десктоп\не по игре\лабы\м1 семестр\antlassic 0.2\antlassic-0.2\antlassic\csf\base\mysprite.cpp(260): warning C4458: объявление "scale" скрывает член класса
  c:\старый десктоп\не по игре\лабы\м1 семестр\antlassic 0.2\antlassic-0.2\antlassic\csf\base\baseobject.h(50): note:  см. объявление "csf::BaseObject::scale"
c:\старый десктоп\не по игре\лабы\м1 семестр\antlassic 0.2\antlassic-0.2\antlassic\csf\base\mysprite.cpp(261): warning C4458: объявление "location" скрывает член класса
  c:\старый десктоп\не по игре\лабы\м1 семестр\antlassic 0.2\antlassic-0.2\antlassic\csf\base\baseobject.h(33): note:  см. объявление "csf::BaseObject::location"
c:\старый десктоп\не по игре\лабы\м1 семестр\antlassic 0.2\antlassic-0.2\antlassic\csf\base\mysprite.cpp(262): warning C4458: объявление "maskRect" скрывает член класса
  c:\старый десктоп\не по игре\лабы\м1 семестр\antlassic 0.2\antlassic-0.2\antlassic\csf\base\baseobject.h(54): note:  см. объявление "csf::BaseObject::maskRect"
c:\старый десктоп\не по игре\лабы\м1 семестр\antlassic 0.2\antlassic-0.2\antlassic\csf\base\mysprite.cpp(322): warning C4458: объявление "textureRect" скрывает член класса
  c:\старый десктоп\не по игре\лабы\м1 семестр\antlassic 0.2\antlassic-0.2\antlassic\csf\base\baseobject.h(53): note:  см. объявление "csf::BaseObject::textureRect"
c:\старый десктоп\не по игре\лабы\м1 семестр\antlassic 0.2\antlassic-0.2\antlassic\csf\base\mysprite.cpp(390): warning C4458: объявление "AwakeningType" скрывает член класса
  c:\старый десктоп\не по игре\лабы\м1 семестр\antlassic 0.2\antlassic-0.2\antlassic\csf\base\baseobject.h(28): note:  см. объявление "csf::BaseObject::AwakeningType"
c:\старый десктоп\не по игре\лабы\м1 семестр\antlassic 0.2\antlassic-0.2\antlassic\csf\base\mysprite.cpp(429): warning C4100: external: неиспользованный формальный параметр
  myText.cpp
c:\старый десктоп\не по игре\лабы\м1 семестр\antlassic 0.2\antlassic-0.2\antlassic\csf\base\baseobject.h(165): warning C4458: объявление "textureRect" скрывает член класса
  c:\старый десктоп\не по игре\лабы\м1 семестр\antlassic 0.2\antlassic-0.2\antlassic\csf\base\baseobject.h(53): note:  см. объявление "csf::BaseObject::textureRect"
c:\старый десктоп\не по игре\лабы\м1 семестр\antlassic 0.2\antlassic-0.2\antlassic\csf\base\baseobject.h(165): warning C4100: textureRect: неиспользованный формальный параметр
c:\старый десктоп\не по игре\лабы\м1 семестр\antlassic 0.2\antlassic-0.2\antlassic\csf\base\mytext.cpp(11): warning C4456: объявление "i" скрывает предыдущее локальное объявление
  c:\старый десктоп\не по игре\лабы\м1 семестр\antlassic 0.2\antlassic-0.2\antlassic\csf\base\mytext.cpp(9): note:  см. объявление "i"
c:\старый десктоп\не по игре\лабы\м1 семестр\antlassic 0.2\antlassic-0.2\antlassic\csf\base\mytext.cpp(22): warning C4456: объявление "i" скрывает предыдущее локальное объявление
  c:\старый десктоп\не по игре\лабы\м1 семестр\antlassic 0.2\antlassic-0.2\antlassic\csf\base\mytext.cpp(20): note:  см. объявление "i"
c:\старый десктоп\не по игре\лабы\м1 семестр\antlassic 0.2\antlassic-0.2\antlassic\csf\base\mytext.cpp(47): warning C4458: объявление "name" скрывает член класса
  c:\старый десктоп\не по игре\лабы\м1 семестр\antlassic 0.2\antlassic-0.2\antlassic\csf\base\baseobject.h(42): note:  см. объявление "csf::BaseObject::name"
c:\старый десктоп\не по игре\лабы\м1 семестр\antlassic 0.2\antlassic-0.2\antlassic\csf\base\mytext.cpp(121): warning C4458: объявление "name" скрывает член класса
  c:\старый десктоп\не по игре\лабы\м1 семестр\antlassic 0.2\antlassic-0.2\antlassic\csf\base\baseobject.h(42): note:  см. объявление "csf::BaseObject::name"
c:\старый десктоп\не по игре\лабы\м1 семестр\antlassic 0.2\antlassic-0.2\antlassic\csf\base\mytext.cpp(126): warning C4458: объявление "name" скрывает член класса
  c:\старый десктоп\не по игре\лабы\м1 семестр\antlassic 0.2\antlassic-0.2\antlassic\csf\base\baseobject.h(42): note:  см. объявление "csf::BaseObject::name"
c:\старый десктоп\не по игре\лабы\м1 семестр\antlassic 0.2\antlassic-0.2\antlassic\csf\base\mytext.cpp(126): warning C4458: объявление "size" скрывает член класса
  c:\старый десктоп\не по игре\лабы\м1 семестр\antlassic 0.2\antlassic-0.2\antlassic\csf\base\mytext.h(24): note:  см. объявление "csf::myText::size"
c:\старый десктоп\не по игре\лабы\м1 семестр\antlassic 0.2\antlassic-0.2\antlassic\csf\base\mytext.cpp(131): warning C4458: объявление "location" скрывает член класса
  c:\старый десктоп\не по игре\лабы\м1 семестр\antlassic 0.2\antlassic-0.2\antlassic\csf\base\baseobject.h(33): note:  см. объявление "csf::BaseObject::location"
c:\старый десктоп\не по игре\лабы\м1 семестр\antlassic 0.2\antlassic-0.2\antlassic\csf\base\mytext.cpp(131): warning C4458: объявление "name" скрывает член класса
  c:\старый десктоп\не по игре\лабы\м1 семестр\antlassic 0.2\antlassic-0.2\antlassic\csf\base\baseobject.h(42): note:  см. объявление "csf::BaseObject::name"
c:\старый десктоп\не по игре\лабы\м1 семестр\antlassic 0.2\antlassic-0.2\antlassic\csf\base\mytext.cpp(131): warning C4458: объявление "size" скрывает член класса
  c:\старый десктоп\не по игре\лабы\м1 семестр\antlassic 0.2\antlassic-0.2\antlassic\csf\base\mytext.h(24): note:  см. объявление "csf::myText::size"
c:\старый десктоп\не по игре\лабы\м1 семестр\antlassic 0.2\antlassic-0.2\antlassic\csf\base\mytext.cpp(207): warning C4458: объявление "location" скрывает член класса
  c:\старый десктоп\не по игре\лабы\м1 семестр\antlassic 0.2\antlassic-0.2\antlassic\csf\base\baseobject.h(33): note:  см. объявление "csf::BaseObject::location"
c:\старый десктоп\не по игре\лабы\м1 семестр\antlassic 0.2\antlassic-0.2\antlassic\csf\base\mytext.cpp(212): warning C4458: объявление "size" скрывает член класса
  c:\старый десктоп\не по игре\лабы\м1 семестр\antlassic 0.2\antlassic-0.2\antlassic\csf\base\mytext.h(24): note:  см. объявление "csf::myText::size"
c:\старый десктоп\не по игре\лабы\м1 семестр\antlassic 0.2\antlassic-0.2\antlassic\csf\base\mytext.cpp(220): warning C4458: объявление "name" скрывает член класса
  c:\старый десктоп\не по игре\лабы\м1 семестр\antlassic 0.2\antlassic-0.2\antlassic\csf\base\baseobject.h(42): note:  см. объявление "csf::BaseObject::name"
c:\старый десктоп\не по игре\лабы\м1 семестр\antlassic 0.2\antlassic-0.2\antlassic\csf\base\mytext.cpp(285): warning C4458: объявление "maxLenght" скрывает член класса
  c:\старый десктоп\не по игре\лабы\м1 семестр\antlassic 0.2\antlassic-0.2\antlassic\csf\base\mytext.h(27): note:  см. объявление "csf::myText::maxLenght"
c:\старый десктоп\не по игре\лабы\м1 семестр\antlassic 0.2\antlassic-0.2\antlassic\csf\base\mytext.cpp(321): warning C4458: объявление "outlineColor" скрывает член класса
  c:\старый десктоп\не по игре\лабы\м1 семестр\antlassic 0.2\antlassic-0.2\antlassic\csf\base\mytext.h(22): note:  см. объявление "csf::myText::outlineColor"
c:\старый десктоп\не по игре\лабы\м1 семестр\antlassic 0.2\antlassic-0.2\antlassic\csf\base\mytext.cpp(326): warning C4458: объявление "outlineThickness" скрывает член класса
  c:\старый десктоп\не по игре\лабы\м1 семестр\antlassic 0.2\antlassic-0.2\antlassic\csf\base\mytext.h(23): note:  см. объявление "csf::myText::outlineThickness"
c:\старый десктоп\не по игре\лабы\м1 семестр\antlassic 0.2\antlassic-0.2\antlassic\csf\base\mytext.cpp(332): warning C4458: объявление "letterSpacing" скрывает член класса
  c:\старый десктоп\не по игре\лабы\м1 семестр\antlassic 0.2\antlassic-0.2\antlassic\csf\base\mytext.h(25): note:  см. объявление "csf::myText::letterSpacing"
c:\старый десктоп\не по игре\лабы\м1 семестр\antlassic 0.2\antlassic-0.2\antlassic\csf\base\mytext.cpp(338): warning C4458: объявление "style" скрывает член класса
  c:\старый десктоп\не по игре\лабы\м1 семестр\antlassic 0.2\antlassic-0.2\antlassic\csf\base\mytext.h(18): note:  см. объявление "csf::myText::style"
c:\старый десктоп\не по игре\лабы\м1 семестр\antlassic 0.2\antlassic-0.2\antlassic\csf\base\mytext.cpp(344): warning C4458: объявление "horizontalAlignmentType" скрывает член класса
  c:\старый десктоп\не по игре\лабы\м1 семестр\antlassic 0.2\antlassic-0.2\antlassic\csf\base\mytext.h(16): note:  см. объявление "csf::myText::horizontalAlignmentType"
c:\старый десктоп\не по игре\лабы\м1 семестр\antlassic 0.2\antlassic-0.2\antlassic\csf\base\mytext.cpp(348): warning C4458: объявление "verticalAlignmentType" скрывает член класса
  c:\старый десктоп\не по игре\лабы\м1 семестр\antlassic 0.2\antlassic-0.2\antlassic\csf\base\mytext.h(17): note:  см. объявление "csf::myText::verticalAlignmentType"
c:\старый десктоп\не по игре\лабы\м1 семестр\antlassic 0.2\antlassic-0.2\antlassic\csf\base\mytext.cpp(352): warning C4458: объявление "horizontalAlignmentType" скрывает член класса
  c:\старый десктоп\не по игре\лабы\м1 семестр\antlassic 0.2\antlassic-0.2\antlassic\csf\base\mytext.h(16): note:  см. объявление "csf::myText::horizontalAlignmentType"
c:\старый десктоп\не по игре\лабы\м1 семестр\antlassic 0.2\antlassic-0.2\antlassic\csf\base\mytext.cpp(352): warning C4458: объявление "verticalAlignmentType" скрывает член класса
  c:\старый десктоп\не по игре\лабы\м1 семестр\antlassic 0.2\antlassic-0.2\antlassic\csf\base\mytext.h(17): note:  см. объявление "csf::myText::verticalAlignmentType"
  BoxForText.cpp
c:\старый десктоп\не по игре\лабы\8 семестр\sfml\csf\sfml_template\csf\base\baseobject.h(165): warning C4458: объявление "textureRect" скрывает член класса
  c:\старый десктоп\не по игре\лабы\8 семестр\sfml\csf\sfml_template\csf\base\baseobject.h(53): note:  см. объявление "csf::BaseObject::textureRect"
c:\старый десктоп\не по игре\лабы\8 семестр\sfml\csf\sfml_template\csf\base\baseobject.h(165): warning C4100: textureRect: неиспользованный формальный параметр
c:\старый десктоп\не по игре\лабы\м1 семестр\antlassic 0.2\antlassic-0.2\antlassic\csf\carcas\boxfortext.cpp(32): warning C4458: объявление "text" скрывает член класса
  c:\старый десктоп\не по игре\лабы\м1 семестр\antlassic 0.2\antlassic-0.2\antlassic\csf\carcas\boxfortext.h(15): note:  см. объявление "csf::BoxForText::text"
c:\старый десктоп\не по игре\лабы\м1 семестр\antlassic 0.2\antlassic-0.2\antlassic\csf\carcas\boxfortext.cpp(32): warning C4458: объявление "centre" скрывает член класса
  c:\старый десктоп\не по игре\лабы\м1 семестр\antlassic 0.2\antlassic-0.2\antlassic\csf\carcas\boxfortext.h(16): note:  см. объявление "csf::BoxForText::centre"
c:\старый десктоп\не по игре\лабы\м1 семестр\antlassic 0.2\antlassic-0.2\antlassic\csf\carcas\boxfortext.cpp(32): warning C4458: объявление "sizeBox" скрывает член класса
  c:\старый десктоп\не по игре\лабы\м1 семестр\antlassic 0.2\antlassic-0.2\antlassic\csf\carcas\boxfortext.h(17): note:  см. объявление "csf::BoxForText::sizeBox"
c:\старый десктоп\не по игре\лабы\м1 семестр\antlassic 0.2\antlassic-0.2\antlassic\csf\carcas\boxfortext.cpp(38): warning C4458: объявление "text" скрывает член класса
  c:\старый десктоп\не по игре\лабы\м1 семестр\antlassic 0.2\antlassic-0.2\antlassic\csf\carcas\boxfortext.h(15): note:  см. объявление "csf::BoxForText::text"
c:\старый десктоп\не по игре\лабы\м1 семестр\antlassic 0.2\antlassic-0.2\antlassic\csf\carcas\boxfortext.cpp(54): warning C4458: объявление "sizeBox" скрывает член класса
  c:\старый десктоп\не по игре\лабы\м1 семестр\antlassic 0.2\antlassic-0.2\antlassic\csf\carcas\boxfortext.h(17): note:  см. объявление "csf::BoxForText::sizeBox"
c:\старый десктоп\не по игре\лабы\м1 семестр\antlassic 0.2\antlassic-0.2\antlassic\csf\carcas\boxfortext.cpp(59): warning C4458: объявление "centre" скрывает член класса
  c:\старый десктоп\не по игре\лабы\м1 семестр\antlassic 0.2\antlassic-0.2\antlassic\csf\carcas\boxfortext.h(16): note:  см. объявление "csf::BoxForText::centre"
  CheckBox.cpp
c:\старый десктоп\не по игре\лабы\8 семестр\sfml\csf\sfml_template\csf\base\baseobject.h(165): warning C4458: объявление "textureRect" скрывает член класса
  c:\старый десктоп\не по игре\лабы\8 семестр\sfml\csf\sfml_template\csf\base\baseobject.h(53): note:  см. объявление "csf::BaseObject::textureRect"
c:\старый десктоп\не по игре\лабы\8 семестр\sfml\csf\sfml_template\csf\base\baseobject.h(165): warning C4100: textureRect: неиспользованный формальный параметр
c:\старый десктоп\не по игре\лабы\м1 семестр\antlassic 0.2\antlassic-0.2\antlassic\csf\carcas\checkbox.cpp(28): warning C4100: y: неиспользованный формальный параметр
c:\старый десктоп\не по игре\лабы\м1 семестр\antlassic 0.2\antlassic-0.2\antlassic\csf\carcas\checkbox.cpp(28): warning C4100: x: неиспользованный формальный параметр
c:\старый десктоп\не по игре\лабы\м1 семестр\antlassic 0.2\antlassic-0.2\antlassic\csf\carcas\checkbox.cpp(28): warning C4100: isCheck: неиспользованный формальный параметр
c:\старый десктоп\не по игре\лабы\м1 семестр\antlassic 0.2\antlassic-0.2\antlassic\csf\carcas\checkbox.cpp(43): warning C4458: объявление "buttonFunctional" скрывает член класса
  c:\старый десктоп\не по игре\лабы\м1 семестр\antlassic 0.2\antlassic-0.2\antlassic\csf\carcas\checkbox.h(14): note:  см. объявление "csf::CheckBox::buttonFunctional"
c:\старый десктоп\не по игре\лабы\м1 семестр\antlassic 0.2\antlassic-0.2\antlassic\csf\carcas\checkbox.cpp(43): warning C4458: объявление "Check" скрывает член класса
  c:\старый десктоп\не по игре\лабы\м1 семестр\antlassic 0.2\antlassic-0.2\antlassic\csf\carcas\checkbox.h(15): note:  см. объявление "csf::CheckBox::Check"
c:\старый десктоп\не по игре\лабы\м1 семестр\antlassic 0.2\antlassic-0.2\antlassic\csf\carcas\checkbox.cpp(48): warning C4458: объявление "Check" скрывает член класса
  c:\старый десктоп\не по игре\лабы\м1 семестр\antlassic 0.2\antlassic-0.2\antlassic\csf\carcas\checkbox.h(15): note:  см. объявление "csf::CheckBox::Check"
c:\старый десктоп\не по игре\лабы\м1 семестр\antlassic 0.2\antlassic-0.2\antlassic\csf\carcas\checkbox.cpp(53): warning C4458: объявление "name" скрывает член класса
  c:\старый десктоп\не по игре\лабы\8 семестр\sfml\csf\sfml_template\csf\base\baseobject.h(42): note:  см. объявление "csf::BaseObject::name"
c:\старый десктоп\не по игре\лабы\м1 семестр\antlassic 0.2\antlassic-0.2\antlassic\csf\carcas\checkbox.cpp(53): warning C4458: объявление "isCheck" скрывает член класса
  c:\старый десктоп\не по игре\лабы\м1 семестр\antlassic 0.2\antlassic-0.2\antlassic\csf\carcas\checkbox.h(17): note:  см. объявление "csf::CheckBox::isCheck"
c:\старый десктоп\не по игре\лабы\м1 семестр\antlassic 0.2\antlassic-0.2\antlassic\csf\carcas\checkbox.cpp(71): warning C4458: объявление "isCheck" скрывает член класса
  c:\старый десктоп\не по игре\лабы\м1 семестр\antlassic 0.2\antlassic-0.2\antlassic\csf\carcas\checkbox.h(17): note:  см. объявление "csf::CheckBox::isCheck"
  ComboBox.cpp
c:\старый десктоп\не по игре\лабы\8 семестр\sfml\csf\sfml_template\csf\base\baseobject.h(165): warning C4458: объявление "textureRect" скрывает член класса
  c:\старый десктоп\не по игре\лабы\8 семестр\sfml\csf\sfml_template\csf\base\baseobject.h(53): note:  см. объявление "csf::BaseObject::textureRect"
c:\старый десктоп\не по игре\лабы\8 семестр\sfml\csf\sfml_template\csf\base\baseobject.h(165): warning C4100: textureRect: неиспользованный формальный параметр
c:\старый десктоп\не по игре\лабы\м1 семестр\antlassic 0.2\antlassic-0.2\antlassic\csf\carcas\combobox.cpp(38): warning C4458: объявление "plateBank" скрывает член класса
  c:\старый десктоп\не по игре\лабы\м1 семестр\antlassic 0.2\antlassic-0.2\antlassic\csf\carcas\combobox.h(12): note:  см. объявление "csf::ComboBox::plateBank"
c:\старый десктоп\не по игре\лабы\м1 семестр\antlassic 0.2\antlassic-0.2\antlassic\csf\carcas\combobox.cpp(54): warning C4458: объявление "plateBank" скрывает член класса
  c:\старый десктоп\не по игре\лабы\м1 семестр\antlassic 0.2\antlassic-0.2\antlassic\csf\carcas\combobox.h(12): note:  см. объявление "csf::ComboBox::plateBank"
c:\старый десктоп\не по игре\лабы\м1 семестр\antlassic 0.2\antlassic-0.2\antlassic\csf\carcas\combobox.cpp(60): warning C4458: объявление "name" скрывает член класса
  c:\старый десктоп\не по игре\лабы\8 семестр\sfml\csf\sfml_template\csf\base\baseobject.h(42): note:  см. объявление "csf::BaseObject::name"
c:\старый десктоп\не по игре\лабы\м1 семестр\antlassic 0.2\antlassic-0.2\antlassic\csf\carcas\combobox.cpp(94): warning C4456: объявление "temp" скрывает предыдущее локальное объявление
  c:\старый десктоп\не по игре\лабы\м1 семестр\antlassic 0.2\antlassic-0.2\antlassic\csf\carcas\combobox.cpp(89): note:  см. объявление "temp"
c:\старый десктоп\не по игре\лабы\м1 семестр\antlassic 0.2\antlassic-0.2\antlassic\csf\carcas\combobox.cpp(122): warning C4458: объявление "lineSpacing" скрывает член класса
  c:\старый десктоп\не по игре\лабы\м1 семестр\antlassic 0.2\antlassic-0.2\antlassic\csf\carcas\combobox.h(16): note:  см. объявление "csf::ComboBox::lineSpacing"
c:\старый десктоп\не по игре\лабы\м1 семестр\antlassic 0.2\antlassic-0.2\antlassic\csf\carcas\combobox.cpp(133): warning C4458: объявление "startPositionPlate" скрывает член класса
  c:\старый десктоп\не по игре\лабы\м1 семестр\antlassic 0.2\antlassic-0.2\antlassic\csf\carcas\combobox.h(19): note:  см. объявление "csf::ComboBox::startPositionPlate"
  Button.cpp
c:\старый десктоп\не по игре\лабы\8 семестр\sfml\csf\sfml_template\csf\base\baseobject.h(165): warning C4458: объявление "textureRect" скрывает член класса
  c:\старый десктоп\не по игре\лабы\8 семестр\sfml\csf\sfml_template\csf\base\baseobject.h(53): note:  см. объявление "csf::BaseObject::textureRect"
c:\старый десктоп\не по игре\лабы\8 семестр\sfml\csf\sfml_template\csf\base\baseobject.h(165): warning C4100: textureRect: неиспользованный формальный параметр
c:\старый десктоп\не по игре\лабы\м1 семестр\antlassic 0.2\antlassic-0.2\antlassic\csf\carcas\functionalobject\button.cpp(19): warning C4458: объявление "Object" скрывает член класса
  c:\старый десктоп\не по игре\лабы\8 семестр\sfml\csf\sfml_template\csf\functional\functional.h(17): note:  см. объявление "csf::Functional::Object"
c:\старый десктоп\не по игре\лабы\м1 семестр\antlassic 0.2\antlassic-0.2\antlassic\csf\carcas\functionalobject\button.cpp(26): warning C4458: объявление "name" скрывает член класса
  c:\старый десктоп\не по игре\лабы\8 семестр\sfml\csf\sfml_template\csf\base\baseobject.h(42): note:  см. объявление "csf::BaseObject::name"
c:\старый десктоп\не по игре\лабы\м1 семестр\antlassic 0.2\antlassic-0.2\antlassic\csf\carcas\functionalobject\button.cpp(33): warning C4458: объявление "AwakeningType" скрывает член класса
  c:\старый десктоп\не по игре\лабы\8 семестр\sfml\csf\sfml_template\csf\base\baseobject.h(28): note:  см. объявление "csf::BaseObject::AwakeningType"
  DisappearingObject.cpp
c:\старый десктоп\не по игре\лабы\8 семестр\sfml\csf\sfml_template\csf\base\baseobject.h(165): warning C4458: объявление "textureRect" скрывает член класса
  c:\старый десктоп\не по игре\лабы\8 семестр\sfml\csf\sfml_template\csf\base\baseobject.h(53): note:  см. объявление "csf::BaseObject::textureRect"
c:\старый десктоп\не по игре\лабы\8 семестр\sfml\csf\sfml_template\csf\base\baseobject.h(165): warning C4100: textureRect: неиспользованный формальный параметр
c:\старый десктоп\не по игре\лабы\м1 семестр\antlassic 0.2\antlassic-0.2\antlassic\csf\carcas\functionalobject\disappearingobject.cpp(8): warning C4100: object: неиспользованный формальный параметр
c:\старый десктоп\не по игре\лабы\м1 семестр\antlassic 0.2\antlassic-0.2\antlassic\csf\carcas\functionalobject\disappearingobject.cpp(11): warning C4458: объявление "orientation" скрывает член класса
  c:\старый десктоп\не по игре\лабы\8 семестр\sfml\csf\sfml_template\csf\functional\disappearingfunctional.h(18): note:  см. объявление "csf::DisappearingFunctional::orientation"
c:\старый десктоп\не по игре\лабы\м1 семестр\antlassic 0.2\antlassic-0.2\antlassic\csf\carcas\functionalobject\disappearingobject.cpp(11): warning C4458: объявление "flightSpeed" скрывает член класса
  c:\старый десктоп\не по игре\лабы\8 семестр\sfml\csf\sfml_template\csf\functional\disappearingfunctional.h(19): note:  см. объявление "csf::DisappearingFunctional::flightSpeed"
c:\старый десктоп\не по игре\лабы\м1 семестр\antlassic 0.2\antlassic-0.2\antlassic\csf\carcas\functionalobject\disappearingobject.cpp(11): warning C4458: объявление "vanishingRate" скрывает член класса
  c:\старый десктоп\не по игре\лабы\8 семестр\sfml\csf\sfml_template\csf\functional\disappearingfunctional.h(19): note:  см. объявление "csf::DisappearingFunctional::vanishingRate"
c:\старый десктоп\не по игре\лабы\м1 семестр\antlassic 0.2\antlassic-0.2\antlassic\csf\carcas\functionalobject\disappearingobject.cpp(11): warning C4100: object: неиспользованный формальный параметр
  DropWindow.cpp
c:\старый десктоп\не по игре\лабы\8 семестр\sfml\csf\sfml_template\csf\base\baseobject.h(165): warning C4458: объявление "textureRect" скрывает член класса
  c:\старый десктоп\не по игре\лабы\8 семестр\sfml\csf\sfml_template\csf\base\baseobject.h(53): note:  см. объявление "csf::BaseObject::textureRect"
c:\старый десктоп\не по игре\лабы\8 семестр\sfml\csf\sfml_template\csf\base\baseobject.h(165): warning C4100: textureRect: неиспользованный формальный параметр
c:\старый десктоп\не по игре\лабы\м1 семестр\antlassic 0.2\antlassic-0.2\antlassic\csf\carcas\functionalobject\dropwindow.cpp(23): warning C4458: объявление "master" скрывает член класса
  c:\старый десктоп\не по игре\лабы\8 семестр\sfml\csf\sfml_template\csf\functional\dropfunctional.h(19): note:  см. объявление "csf::DropFunctional::master"
c:\старый десктоп\не по игре\лабы\м1 семестр\antlassic 0.2\antlassic-0.2\antlassic\csf\carcas\functionalobject\dropwindow.cpp(23): warning C4458: объявление "Box" скрывает член класса
  c:\старый десктоп\не по игре\лабы\м1 семестр\antlassic 0.2\antlassic-0.2\antlassic\csf\carcas\functionalobject\dropwindow.h(13): note:  см. объявление "csf::DropWindow::Box"
c:\старый десктоп\не по игре\лабы\м1 семестр\antlassic 0.2\antlassic-0.2\antlassic\csf\carcas\functionalobject\dropwindow.cpp(30): warning C4458: объявление "master" скрывает член класса
  c:\старый десктоп\не по игре\лабы\8 семестр\sfml\csf\sfml_template\csf\functional\dropfunctional.h(19): note:  см. объявление "csf::DropFunctional::master"
c:\старый десктоп\не по игре\лабы\м1 семестр\antlassic 0.2\antlassic-0.2\antlassic\csf\carcas\functionalobject\dropwindow.cpp(30): warning C4458: объявление "name" скрывает член класса
  c:\старый десктоп\не по игре\лабы\8 семестр\sfml\csf\sfml_template\csf\base\baseobject.h(42): note:  см. объявление "csf::BaseObject::name"
  Plate.cpp
c:\старый десктоп\не по игре\лабы\8 семестр\sfml\csf\sfml_template\csf\base\baseobject.h(165): warning C4458: объявление "textureRect" скрывает член класса
  c:\старый десктоп\не по игре\лабы\8 семестр\sfml\csf\sfml_template\csf\base\baseobject.h(53): note:  см. объявление "csf::BaseObject::textureRect"
c:\старый десктоп\не по игре\лабы\8 семестр\sfml\csf\sfml_template\csf\base\baseobject.h(165): warning C4100: textureRect: неиспользованный формальный параметр
c:\старый десктоп\не по игре\лабы\м1 семестр\antlassic 0.2\antlassic-0.2\antlassic\csf\carcas\functionalobject\plate.cpp(20): warning C4458: объявление "Object" скрывает член класса
  c:\старый десктоп\не по игре\лабы\8 семестр\sfml\csf\sfml_template\csf\functional\functional.h(17): note:  см. объявление "csf::Functional::Object"
c:\старый десктоп\не по игре\лабы\м1 семестр\antlassic 0.2\antlassic-0.2\antlassic\csf\carcas\functionalobject\plate.cpp(27): warning C4458: объявление "name" скрывает член класса
  c:\старый десктоп\не по игре\лабы\8 семестр\sfml\csf\sfml_template\csf\base\baseobject.h(42): note:  см. объявление "csf::BaseObject::name"
c:\старый десктоп\не по игре\лабы\м1 семестр\antlassic 0.2\antlassic-0.2\antlassic\csf\carcas\functionalobject\plate.cpp(34): warning C4458: объявление "AwakeningType" скрывает член класса
  c:\старый десктоп\не по игре\лабы\8 семестр\sfml\csf\sfml_template\csf\base\baseobject.h(28): note:  см. объявление "csf::BaseObject::AwakeningType"
  MultilineText.cpp
c:\старый десктоп\не по игре\лабы\8 семестр\sfml\csf\sfml_template\csf\base\baseobject.h(165): warning C4458: объявление "textureRect" скрывает член класса
  c:\старый десктоп\не по игре\лабы\8 семестр\sfml\csf\sfml_template\csf\base\baseobject.h(53): note:  см. объявление "csf::BaseObject::textureRect"
c:\старый десктоп\не по игре\лабы\8 семестр\sfml\csf\sfml_template\csf\base\baseobject.h(165): warning C4100: textureRect: неиспользованный формальный параметр
c:\старый десктоп\не по игре\лабы\м1 семестр\antlassic 0.2\antlassic-0.2\antlassic\csf\carcas\multilinetext.cpp(128): warning C4458: объявление "size" скрывает член класса
  c:\старый десктоп\не по игре\лабы\8 семестр\sfml\csf\sfml_template\csf\base\mytext.h(24): note:  см. объявление "csf::myText::size"
c:\старый десктоп\не по игре\лабы\м1 семестр\antlassic 0.2\antlassic-0.2\antlassic\csf\carcas\multilinetext.cpp(128): warning C4458: объявление "lineSpacing" скрывает член класса
  c:\старый десктоп\не по игре\лабы\м1 семестр\antlassic 0.2\antlassic-0.2\antlassic\csf\carcas\multilinetext.h(14): note:  см. объявление "csf::MultilineText::lineSpacing"
c:\старый десктоп\не по игре\лабы\м1 семестр\antlassic 0.2\antlassic-0.2\antlassic\csf\carcas\multilinetext.cpp(161): warning C4458: объявление "size" скрывает член класса
  c:\старый десктоп\не по игре\лабы\8 семестр\sfml\csf\sfml_template\csf\base\mytext.h(24): note:  см. объявление "csf::myText::size"
c:\старый десктоп\не по игре\лабы\м1 семестр\antlassic 0.2\antlassic-0.2\antlassic\csf\carcas\multilinetext.cpp(175): warning C4100: event: неиспользованный формальный параметр
c:\старый десктоп\не по игре\лабы\м1 семестр\antlassic 0.2\antlassic-0.2\antlassic\csf\carcas\multilinetext.cpp(229): warning C4458: объявление "maxLenght" скрывает член класса
  c:\старый десктоп\не по игре\лабы\8 семестр\sfml\csf\sfml_template\csf\base\mytext.h(27): note:  см. объявление "csf::myText::maxLenght"
c:\старый десктоп\не по игре\лабы\м1 семестр\antlassic 0.2\antlassic-0.2\antlassic\csf\carcas\multilinetext.cpp(340): warning C4458: объявление "lineSpacing" скрывает член класса
  c:\старый десктоп\не по игре\лабы\м1 семестр\antlassic 0.2\antlassic-0.2\antlassic\csf\carcas\multilinetext.h(14): note:  см. объявление "csf::MultilineText::lineSpacing"
  JumpOutPopUpWindow.cpp
c:\старый десктоп\не по игре\лабы\8 семестр\sfml\csf\sfml_template\csf\base\baseobject.h(165): warning C4458: объявление "textureRect" скрывает член класса
  c:\старый десктоп\не по игре\лабы\8 семестр\sfml\csf\sfml_template\csf\base\baseobject.h(53): note:  см. объявление "csf::BaseObject::textureRect"
c:\старый десктоп\не по игре\лабы\8 семестр\sfml\csf\sfml_template\csf\base\baseobject.h(165): warning C4100: textureRect: неиспользованный формальный параметр
c:\старый десктоп\не по игре\лабы\м1 семестр\antlassic 0.2\antlassic-0.2\antlassic\csf\carcas\popup\jumpoutpopupwindow.cpp(32): warning C4458: объявление "name" скрывает член класса
  c:\старый десктоп\не по игре\лабы\8 семестр\sfml\csf\sfml_template\csf\base\baseobject.h(42): note:  см. объявление "csf::BaseObject::name"
c:\старый десктоп\не по игре\лабы\м1 семестр\antlassic 0.2\antlassic-0.2\antlassic\csf\carcas\popup\jumpoutpopupwindow.cpp(32): warning C4458: объявление "orientation" скрывает член класса
  c:\старый десктоп\не по игре\лабы\м1 семестр\antlassic 0.2\antlassic-0.2\antlassic\csf\carcas\popup\jumpoutpopupwindow.h(20): note:  см. объявление "csf::JumpOutPopUpWindow::orientation"
c:\старый десктоп\не по игре\лабы\м1 семестр\antlassic 0.2\antlassic-0.2\antlassic\csf\carcas\popup\jumpoutpopupwindow.cpp(32): warning C4458: объявление "numberClockCycles" скрывает член класса
  c:\старый десктоп\не по игре\лабы\м1 семестр\antlassic 0.2\antlassic-0.2\antlassic\csf\carcas\popup\jumpoutpopupwindow.h(22): note:  см. объявление "csf::JumpOutPopUpWindow::numberClockCycles"
c:\старый десктоп\не по игре\лабы\м1 семестр\antlassic 0.2\antlassic-0.2\antlassic\csf\carcas\popup\jumpoutpopupwindow.cpp(38): warning C4458: объявление "orientation" скрывает член класса
  c:\старый десктоп\не по игре\лабы\м1 семестр\antlassic 0.2\antlassic-0.2\antlassic\csf\carcas\popup\jumpoutpopupwindow.h(20): note:  см. объявление "csf::JumpOutPopUpWindow::orientation"
c:\старый десктоп\не по игре\лабы\м1 семестр\antlassic 0.2\antlassic-0.2\antlassic\csf\carcas\popup\jumpoutpopupwindow.cpp(38): warning C4458: объявление "numberClockCycles" скрывает член класса
  c:\старый десктоп\не по игре\лабы\м1 семестр\antlassic 0.2\antlassic-0.2\antlassic\csf\carcas\popup\jumpoutpopupwindow.h(22): note:  см. объявление "csf::JumpOutPopUpWindow::numberClockCycles"
c:\старый десктоп\не по игре\лабы\м1 семестр\antlassic 0.2\antlassic-0.2\antlassic\csf\carcas\popup\jumpoutpopupwindow.cpp(44): warning C4100: window: неиспользованный формальный параметр
  PopUpTextBox.cpp
c:\старый десктоп\не по игре\лабы\8 семестр\sfml\csf\sfml_template\csf\base\baseobject.h(165): warning C4458: объявление "textureRect" скрывает член класса
  c:\старый десктоп\не по игре\лабы\8 семестр\sfml\csf\sfml_template\csf\base\baseobject.h(53): note:  см. объявление "csf::BaseObject::textureRect"
c:\старый десктоп\не по игре\лабы\8 семестр\sfml\csf\sfml_template\csf\base\baseobject.h(165): warning C4100: textureRect: неиспользованный формальный параметр
c:\старый десктоп\не по игре\лабы\м1 семестр\antlassic 0.2\antlassic-0.2\antlassic\csf\carcas\popup\popuptextbox.cpp(17): warning C4100: maxLenght: неиспользованный формальный параметр
c:\старый десктоп\не по игре\лабы\м1 семестр\antlassic 0.2\antlassic-0.2\antlassic\csf\carcas\popup\popuptextbox.cpp(39): warning C4458: объявление "name" скрывает член класса
  c:\старый десктоп\не по игре\лабы\8 семестр\sfml\csf\sfml_template\csf\base\baseobject.h(42): note:  см. объявление "csf::BaseObject::name"
c:\старый десктоп\не по игре\лабы\м1 семестр\antlassic 0.2\antlassic-0.2\antlassic\csf\carcas\popup\popuptextbox.cpp(45): warning C4458: объявление "text" скрывает член класса
  c:\старый десктоп\не по игре\лабы\м1 семестр\antlassic 0.2\antlassic-0.2\antlassic\csf\carcas\popup\popuptextbox.h(15): note:  см. объявление "csf::PopUpTextBox::text"
  PopUpWindow.cpp
c:\старый десктоп\не по игре\лабы\8 семестр\sfml\csf\sfml_template\csf\base\baseobject.h(165): warning C4458: объявление "textureRect" скрывает член класса
  c:\старый десктоп\не по игре\лабы\8 семестр\sfml\csf\sfml_template\csf\base\baseobject.h(53): note:  см. объявление "csf::BaseObject::textureRect"
c:\старый десктоп\не по игре\лабы\8 семестр\sfml\csf\sfml_template\csf\base\baseobject.h(165): warning C4100: textureRect: неиспользованный формальный параметр
c:\старый десктоп\не по игре\лабы\м1 семестр\antlassic 0.2\antlassic-0.2\antlassic\csf\carcas\popup\popupwindow.cpp(25): warning C4100: background: неиспользованный формальный параметр
c:\старый десктоп\не по игре\лабы\м1 семестр\antlassic 0.2\antlassic-0.2\antlassic\csf\carcas\popup\popupwindow.cpp(31): warning C4458: объявление "name" скрывает член класса
  c:\старый десктоп\не по игре\лабы\8 семестр\sfml\csf\sfml_template\csf\base\baseobject.h(42): note:  см. объявление "csf::BaseObject::name"
c:\старый десктоп\не по игре\лабы\м1 семестр\antlassic 0.2\antlassic-0.2\antlassic\csf\carcas\popup\popupwindow.cpp(63): warning C4100: window: неиспользованный формальный параметр
  PopUpWindowУesNo.cpp
c:\старый десктоп\не по игре\лабы\8 семестр\sfml\csf\sfml_template\csf\base\baseobject.h(165): warning C4458: объявление "textureRect" скрывает член класса
  c:\старый десктоп\не по игре\лабы\8 семестр\sfml\csf\sfml_template\csf\base\baseobject.h(53): note:  см. объявление "csf::BaseObject::textureRect"
c:\старый десктоп\не по игре\лабы\8 семестр\sfml\csf\sfml_template\csf\base\baseobject.h(165): warning C4100: textureRect: неиспользованный формальный параметр
c:\старый десктоп\не по игре\лабы\м1 семестр\antlassic 0.2\antlassic-0.2\antlassic\csf\carcas\popup\popupwindowуesno.cpp(44): warning C4458: объявление "name" скрывает член класса
  c:\старый десктоп\не по игре\лабы\8 семестр\sfml\csf\sfml_template\csf\base\baseobject.h(42): note:  см. объявление "csf::BaseObject::name"
  Создание кода...
c:\старый десктоп\не по игре\лабы\м1 семестр\antlassic 0.2\antlassic-0.2\antlassic\csf\base\mysprite.cpp(412): warning C4715: csf::mySprite::getSprite: значение возвращается не при всех путях выполнения
  Компиляция...
  Scrolling.cpp
c:\старый десктоп\не по игре\лабы\8 семестр\sfml\csf\sfml_template\csf\base\baseobject.h(165): warning C4458: объявление "textureRect" скрывает член класса
  c:\старый десктоп\не по игре\лабы\8 семестр\sfml\csf\sfml_template\csf\base\baseobject.h(53): note:  см. объявление "csf::BaseObject::textureRect"
c:\старый десктоп\не по игре\лабы\8 семестр\sfml\csf\sfml_template\csf\base\baseobject.h(165): warning C4100: textureRect: неиспользованный формальный параметр
c:\старый десктоп\не по игре\лабы\м1 семестр\antlassic 0.2\antlassic-0.2\antlassic\csf\carcas\scrolling\scrolling.cpp(81): warning C4458: объявление "master" скрывает член класса
  c:\старый десктоп\не по игре\лабы\м1 семестр\antlassic 0.2\antlassic-0.2\antlassic\csf\carcas\scrolling\scrolling.h(15): note:  см. объявление "csf::Scrolling::ScrollPlate::master"
c:\старый десктоп\не по игре\лабы\м1 семестр\antlassic 0.2\antlassic-0.2\antlassic\csf\carcas\scrolling\scrolling.cpp(81): warning C4458: объявление "name" скрывает член класса
  c:\старый десктоп\не по игре\лабы\8 семестр\sfml\csf\sfml_template\csf\base\baseobject.h(42): note:  см. объявление "csf::BaseObject::name"
  ScrollingHorizontal.cpp
c:\старый десктоп\не по игре\лабы\8 семестр\sfml\csf\sfml_template\csf\base\baseobject.h(165): warning C4458: объявление "textureRect" скрывает член класса
  c:\старый десктоп\не по игре\лабы\8 семестр\sfml\csf\sfml_template\csf\base\baseobject.h(53): note:  см. объявление "csf::BaseObject::textureRect"
c:\старый десктоп\не по игре\лабы\8 семестр\sfml\csf\sfml_template\csf\base\baseobject.h(165): warning C4100: textureRect: неиспользованный формальный параметр
c:\старый десктоп\не по игре\лабы\м1 семестр\antlassic 0.2\antlassic-0.2\antlassic\csf\carcas\scrolling\scrollinghorizontal.cpp(52): warning C4458: объявление "master" скрывает член класса
  c:\старый десктоп\не по игре\лабы\м1 семестр\antlassic 0.2\antlassic-0.2\antlassic\csf\carcas\scrolling\scrolling.h(69): note:  см. объявление "csf::Scrolling::master"
c:\старый десктоп\не по игре\лабы\м1 семестр\antlassic 0.2\antlassic-0.2\antlassic\csf\carcas\scrolling\scrollinghorizontal.cpp(52): warning C4458: объявление "name" скрывает член класса
  c:\старый десктоп\не по игре\лабы\8 семестр\sfml\csf\sfml_template\csf\base\baseobject.h(42): note:  см. объявление "csf::BaseObject::name"
c:\старый десктоп\не по игре\лабы\м1 семестр\antlassic 0.2\antlassic-0.2\antlassic\csf\carcas\scrolling\scrollinghorizontal.cpp(58): warning C4458: объявление "master" скрывает член класса
  c:\старый десктоп\не по игре\лабы\м1 семестр\antlassic 0.2\antlassic-0.2\antlassic\csf\carcas\scrolling\scrolling.h(69): note:  см. объявление "csf::Scrolling::master"
c:\старый десктоп\не по игре\лабы\м1 семестр\antlassic 0.2\antlassic-0.2\antlassic\csf\carcas\scrolling\scrollinghorizontal.cpp(58): warning C4458: объявление "Box" скрывает член класса
  c:\старый десктоп\не по игре\лабы\м1 семестр\antlassic 0.2\antlassic-0.2\antlassic\csf\carcas\scrolling\scrolling.h(71): note:  см. объявление "csf::Scrolling::Box"
c:\старый десктоп\не по игре\лабы\м1 семестр\antlassic 0.2\antlassic-0.2\antlassic\csf\carcas\scrolling\scrollinghorizontal.cpp(58): warning C4458: объявление "upScrollButton" скрывает член класса
  c:\старый десктоп\не по игре\лабы\м1 семестр\antlassic 0.2\antlassic-0.2\antlassic\csf\carcas\scrolling\scrolling.h(72): note:  см. объявление "csf::Scrolling::upScrollButton"
c:\старый десктоп\не по игре\лабы\м1 семестр\antlassic 0.2\antlassic-0.2\antlassic\csf\carcas\scrolling\scrollinghorizontal.cpp(58): warning C4458: объявление "downScrollButton" скрывает член класса
  c:\старый десктоп\не по игре\лабы\м1 семестр\antlassic 0.2\antlassic-0.2\antlassic\csf\carcas\scrolling\scrolling.h(73): note:  см. объявление "csf::Scrolling::downScrollButton"
  ScrollingVertical.cpp
c:\старый десктоп\не по игре\лабы\8 семестр\sfml\csf\sfml_template\csf\base\baseobject.h(165): warning C4458: объявление "textureRect" скрывает член класса
  c:\старый десктоп\не по игре\лабы\8 семестр\sfml\csf\sfml_template\csf\base\baseobject.h(53): note:  см. объявление "csf::BaseObject::textureRect"
c:\старый десктоп\не по игре\лабы\8 семестр\sfml\csf\sfml_template\csf\base\baseobject.h(165): warning C4100: textureRect: неиспользованный формальный параметр
c:\старый десктоп\не по игре\лабы\м1 семестр\antlassic 0.2\antlassic-0.2\antlassic\csf\carcas\scrolling\scrollingvertical.cpp(52): warning C4458: объявление "master" скрывает член класса
  c:\старый десктоп\не по игре\лабы\м1 семестр\antlassic 0.2\antlassic-0.2\antlassic\csf\carcas\scrolling\scrolling.h(69): note:  см. объявление "csf::Scrolling::master"
c:\старый десктоп\не по игре\лабы\м1 семестр\antlassic 0.2\antlassic-0.2\antlassic\csf\carcas\scrolling\scrollingvertical.cpp(52): warning C4458: объявление "name" скрывает член класса
  c:\старый десктоп\не по игре\лабы\8 семестр\sfml\csf\sfml_template\csf\base\baseobject.h(42): note:  см. объявление "csf::BaseObject::name"
c:\старый десктоп\не по игре\лабы\м1 семестр\antlassic 0.2\antlassic-0.2\antlassic\csf\carcas\scrolling\scrollingvertical.cpp(58): warning C4458: объявление "master" скрывает член класса
  c:\старый десктоп\не по игре\лабы\м1 семестр\antlassic 0.2\antlassic-0.2\antlassic\csf\carcas\scrolling\scrolling.h(69): note:  см. объявление "csf::Scrolling::master"
c:\старый десктоп\не по игре\лабы\м1 семестр\antlassic 0.2\antlassic-0.2\antlassic\csf\carcas\scrolling\scrollingvertical.cpp(58): warning C4458: объявление "Box" скрывает член класса
  c:\старый десктоп\не по игре\лабы\м1 семестр\antlassic 0.2\antlassic-0.2\antlassic\csf\carcas\scrolling\scrolling.h(71): note:  см. объявление "csf::Scrolling::Box"
c:\старый десктоп\не по игре\лабы\м1 семестр\antlassic 0.2\antlassic-0.2\antlassic\csf\carcas\scrolling\scrollingvertical.cpp(58): warning C4458: объявление "upScrollButton" скрывает член класса
  c:\старый десктоп\не по игре\лабы\м1 семестр\antlassic 0.2\antlassic-0.2\antlassic\csf\carcas\scrolling\scrolling.h(72): note:  см. объявление "csf::Scrolling::upScrollButton"
c:\старый десктоп\не по игре\лабы\м1 семестр\antlassic 0.2\antlassic-0.2\antlassic\csf\carcas\scrolling\scrollingvertical.cpp(58): warning C4458: объявление "downScrollButton" скрывает член класса
  c:\старый десктоп\не по игре\лабы\м1 семестр\antlassic 0.2\antlassic-0.2\antlassic\csf\carcas\scrolling\scrolling.h(73): note:  см. объявление "csf::Scrolling::downScrollButton"
  ButtonFunctional.cpp
c:\старый десктоп\не по игре\лабы\8 семестр\sfml\csf\sfml_template\csf\base\baseobject.h(165): warning C4458: объявление "textureRect" скрывает член класса
  c:\старый десктоп\не по игре\лабы\8 семестр\sfml\csf\sfml_template\csf\base\baseobject.h(53): note:  см. объявление "csf::BaseObject::textureRect"
c:\старый десктоп\не по игре\лабы\8 семестр\sfml\csf\sfml_template\csf\base\baseobject.h(165): warning C4100: textureRect: неиспользованный формальный параметр
c:\старый десктоп\не по игре\лабы\м1 семестр\antlassic 0.2\antlassic-0.2\antlassic\csf\functional\buttonfunctional.cpp(31): warning C4100: window: неиспользованный формальный параметр
c:\старый десктоп\не по игре\лабы\м1 семестр\antlassic 0.2\antlassic-0.2\antlassic\csf\functional\buttonfunctional.cpp(31): warning C4100: event: неиспользованный формальный параметр
  DisappearingFunctional.cpp
c:\старый десктоп\не по игре\лабы\8 семестр\sfml\csf\sfml_template\csf\base\baseobject.h(165): warning C4458: объявление "textureRect" скрывает член класса
  c:\старый десктоп\не по игре\лабы\8 семестр\sfml\csf\sfml_template\csf\base\baseobject.h(53): note:  см. объявление "csf::BaseObject::textureRect"
c:\старый десктоп\не по игре\лабы\8 семестр\sfml\csf\sfml_template\csf\base\baseobject.h(165): warning C4100: textureRect: неиспользованный формальный параметр
  DropFunctional.cpp
c:\старый десктоп\не по игре\лабы\8 семестр\sfml\csf\sfml_template\csf\base\baseobject.h(165): warning C4458: объявление "textureRect" скрывает член класса
  c:\старый десктоп\не по игре\лабы\8 семестр\sfml\csf\sfml_template\csf\base\baseobject.h(53): note:  см. объявление "csf::BaseObject::textureRect"
c:\старый десктоп\не по игре\лабы\8 семестр\sfml\csf\sfml_template\csf\base\baseobject.h(165): warning C4100: textureRect: неиспользованный формальный параметр
c:\старый десктоп\не по игре\лабы\м1 семестр\antlassic 0.2\antlassic-0.2\antlassic\csf\functional\dropfunctional.cpp(4): warning C4100: window: неиспользованный формальный параметр
c:\старый десктоп\не по игре\лабы\м1 семестр\antlassic 0.2\antlassic-0.2\antlassic\csf\functional\dropfunctional.cpp(33): warning C4100: event: неиспользованный формальный параметр
c:\старый десктоп\не по игре\лабы\м1 семестр\antlassic 0.2\antlassic-0.2\antlassic\csf\functional\dropfunctional.cpp(44): warning C4458: объявление "master" скрывает член класса
  c:\старый десктоп\не по игре\лабы\м1 семестр\antlassic 0.2\antlassic-0.2\antlassic\csf\functional\dropfunctional.h(19): note:  см. объявление "csf::DropFunctional::master"
  Functional.cpp
c:\старый десктоп\не по игре\лабы\8 семестр\sfml\csf\sfml_template\csf\base\baseobject.h(165): warning C4458: объявление "textureRect" скрывает член класса
  c:\старый десктоп\не по игре\лабы\8 семестр\sfml\csf\sfml_template\csf\base\baseobject.h(53): note:  см. объявление "csf::BaseObject::textureRect"
c:\старый десктоп\не по игре\лабы\8 семестр\sfml\csf\sfml_template\csf\base\baseobject.h(165): warning C4100: textureRect: неиспользованный формальный параметр
  PlateFunctional.cpp
c:\старый десктоп\не по игре\лабы\8 семестр\sfml\csf\sfml_template\csf\base\baseobject.h(165): warning C4458: объявление "textureRect" скрывает член класса
  c:\старый десктоп\не по игре\лабы\8 семестр\sfml\csf\sfml_template\csf\base\baseobject.h(53): note:  см. объявление "csf::BaseObject::textureRect"
c:\старый десктоп\не по игре\лабы\8 семестр\sfml\csf\sfml_template\csf\base\baseobject.h(165): warning C4100: textureRect: неиспользованный формальный параметр
  main.cpp
c:\старый десктоп\не по игре\лабы\8 семестр\sfml\csf\sfml_template\csf\base\baseobject.h(165): warning C4458: объявление "textureRect" скрывает член класса
  c:\старый десктоп\не по игре\лабы\8 семестр\sfml\csf\sfml_template\csf\base\baseobject.h(53): note:  см. объявление "csf::BaseObject::textureRect"
c:\старый десктоп\не по игре\лабы\8 семестр\sfml\csf\sfml_template\csf\base\baseobject.h(165): warning C4100: textureRect: неиспользованный формальный параметр
c:\старый десктоп\не по игре\лабы\м1 семестр\antlassic 0.2\antlassic-0.2\antlassic\scenes.h(30): warning C4100: window: неиспользованный формальный параметр
c:\старый десктоп\не по игре\лабы\м1 семестр\antlassic 0.2\antlassic-0.2\antlassic\scenes.h(40): warning C4100: window: неиспользованный формальный параметр
c:\старый десктоп\не по игре\лабы\м1 семестр\antlassic 0.2\antlassic-0.2\antlassic\main.cpp(29): warning C4244: аргумент: преобразование "time_t" в "unsigned int", возможна потеря данных
  Создание кода...
  SFML_template.vcxproj -> C:\Старый десктоп\Не по игре\Лабы\М1 семестр\AntLassic 0.2\AntLassic-0.2\AntLassic\x64\Debug Dynamic\SFML_template.exe
